<?xml version="1.0" encoding="UTF-8"?>
<!-- Generated by org.testng.reporters.JUnitReportReporter -->
<testsuite hostname="DESKTOP-DIMGNTL" failures="0" tests="10" name="demo.ECommerceApp" time="43.040" errors="0" timestamp="2022-09-17T21:14:23 EDT" skipped="0">
  <testcase classname="demo.ECommerceApp" name="UpdatePersonalDetails" time="2.545"/>
  <system-out/>
  <testcase classname="demo.ECommerceApp" name="UpdatePaymentDetails" time="4.939"/>
  <system-out/>
  <testcase classname="demo.ECommerceApp" name="ComparePricesAddToCart" time="5.643"/>
  <system-out/>
  <testcase classname="demo.ECommerceApp" name="UpdateAddressDetails" time="2.780"/>
  <system-out/>
  <testcase classname="demo.ECommerceApp" name="Checkout" time="5.357"/>
  <system-out/>
  <testcase classname="demo.ECommerceApp" name="LogOut" time="4.504"/>
  <system-out/>
  <testcase classname="demo.ECommerceApp" name="UpdateShippingDetails" time="2.112"/>
  <system-out/>
  <testcase classname="demo.ECommerceApp" name="ViewOrderHistory" time="2.861"/>
  <system-out/>
  <testcase classname="demo.ECommerceApp" name="SearchAddSummerDress" time="4.947"/>
  <system-out/>
  <testcase classname="demo.ECommerceApp" name="AddProductsToBeCompared" time="7.352"/>
  <system-out/>
</testsuite> <!-- demo.ECommerceApp -->
